# JRE version: Java(TM) SE Runtime Environment (8.0_131-b11) (build 1.8.0_131-b11)
# Java VM: Java HotSpot(TM) 64-Bit Server VM (25.131-b11 mixed mode linux-amd64 compressed oops)
Heap:
 PSYoungGen      total 76288K, used 6650K [0x00000000fab00000, 0x0000000100000000, 0x0000000100000000)
  eden space 65536K, 1% used [0x00000000fab00000,0x00000000fac33e20,0x00000000feb00000)
  from space 10752K, 50% used [0x00000000ff580000,0x00000000ffacacc8,0x0000000100000000)
  to   space 10752K, 0% used [0x00000000feb00000,0x00000000feb00000,0x00000000ff580000)
 ParOldGen       total 175104K, used 73099K [0x00000000f0000000, 0x00000000fab00000, 0x00000000fab00000)
  object space 175104K, 41% used [0x00000000f0000000,0x00000000f4762d58,0x00000000fab00000)
 Metaspace       used 86449K, capacity 86922K, committed 87552K, reserved 1128448K
  class space    used 9224K, capacity 9382K, committed 9472K, reserved 1048576K
GC Heap History (10 events):
Event: 14.055 GC heap before
{Heap before GC invocations=71 (full 3):
 PSYoungGen      total 82432K, used 80470K [0x00000000fab00000, 0x0000000100000000, 0x0000000100000000)
  eden space 77824K, 99% used [0x00000000fab00000,0x00000000ff6fbd70,0x00000000ff700000)
  from space 4608K, 57% used [0x00000000ff700000,0x00000000ff999d88,0x00000000ffb80000)
  to   space 4608K, 0% used [0x00000000ffb80000,0x00000000ffb80000,0x0000000100000000)
 ParOldGen       total 175104K, used 59103K [0x00000000f0000000, 0x00000000fab00000, 0x00000000fab00000)
  object space 175104K, 33% used [0x00000000f0000000,0x00000000f39b7c90,0x00000000fab00000)
 Metaspace       used 65512K, capacity 65853K, committed 66432K, reserved 1107968K
  class space    used 7077K, capacity 7195K, committed 7296K, reserved 1048576K
Event: 14.062 GC heap after
Heap after GC invocations=71 (full 3):
 PSYoungGen      total 81408K, used 2691K [0x00000000fab00000, 0x0000000100000000, 0x0000000100000000)
  eden space 76800K, 0% used [0x00000000fab00000,0x00000000fab00000,0x00000000ff600000)
  from space 4608K, 58% used [0x00000000ffb80000,0x00000000ffe20ea0,0x0000000100000000)
  to   space 5120K, 0% used [0x00000000ff600000,0x00000000ff600000,0x00000000ffb00000)
 ParOldGen       total 175104K, used 59645K [0x00000000f0000000, 0x00000000fab00000, 0x00000000fab00000)
  object space 175104K, 34% used [0x00000000f0000000,0x00000000f3a3f7a8,0x00000000fab00000)
 Metaspace       used 65512K, capacity 65853K, committed 66432K, reserved 1107968K
  class space    used 7077K, capacity 7195K, committed 7296K, reserved 1048576K
}
Event: 32.982 GC heap before
{Heap before GC invocations=72 (full 3):
 PSYoungGen      total 81408K, used 79491K [0x00000000fab00000, 0x0000000100000000, 0x0000000100000000)
  eden space 76800K, 100% used [0x00000000fab00000,0x00000000ff600000,0x00000000ff600000)
  from space 4608K, 58% used [0x00000000ffb80000,0x00000000ffe20ea0,0x0000000100000000)
  to   space 5120K, 0% used [0x00000000ff600000,0x00000000ff600000,0x00000000ffb00000)
 ParOldGen       total 175104K, used 59645K [0x00000000f0000000, 0x00000000fab00000, 0x00000000fab00000)
  object space 175104K, 34% used [0x00000000f0000000,0x00000000f3a3f7a8,0x00000000fab00000)
 Metaspace       used 67970K, capacity 68417K, committed 68992K, reserved 1110016K
  class space    used 7285K, capacity 7425K, committed 7552K, reserved 1048576K
Event: 32.989 GC heap after
Heap after GC invocations=72 (full 3):
 PSYoungGen      total 81920K, used 5109K [0x00000000fab00000, 0x0000000100000000, 0x0000000100000000)
  eden space 76800K, 0% used [0x00000000fab00000,0x00000000fab00000,0x00000000ff600000)
  from space 5120K, 99% used [0x00000000ff600000,0x00000000ffafd788,0x00000000ffb00000)
  to   space 5120K, 0% used [0x00000000ffb00000,0x00000000ffb00000,0x0000000100000000)
 ParOldGen       total 175104K, used 61848K [0x00000000f0000000, 0x00000000fab00000, 0x00000000fab00000)
  object space 175104K, 35% used [0x00000000f0000000,0x00000000f3c66088,0x00000000fab00000)
 Metaspace       used 67970K, capacity 68417K, committed 68992K, reserved 1110016K
  class space    used 7285K, capacity 7425K, committed 7552K, reserved 1048576K
}
Event: 33.719 GC heap before
{Heap before GC invocations=73 (full 3):
 PSYoungGen      total 81920K, used 81909K [0x00000000fab00000, 0x0000000100000000, 0x0000000100000000)
  eden space 76800K, 100% used [0x00000000fab00000,0x00000000ff600000,0x00000000ff600000)
  from space 5120K, 99% used [0x00000000ff600000,0x00000000ffafd788,0x00000000ffb00000)
  to   space 5120K, 0% used [0x00000000ffb00000,0x00000000ffb00000,0x0000000100000000)
 ParOldGen       total 175104K, used 61848K [0x00000000f0000000, 0x00000000fab00000, 0x00000000fab00000)
  object space 175104K, 35% used [0x00000000f0000000,0x00000000f3c66088,0x00000000fab00000)
 Metaspace       used 78930K, capacity 79346K, committed 80000K, reserved 1120256K
  class space    used 8345K, capacity 8481K, committed 8576K, reserved 1048576K
Event: 33.732 GC heap after
Heap after GC invocations=73 (full 3):
 PSYoungGen      total 70656K, used 5107K [0x00000000fab00000, 0x0000000100000000, 0x0000000100000000)
  eden space 65536K, 0% used [0x00000000fab00000,0x00000000fab00000,0x00000000feb00000)
  from space 5120K, 99% used [0x00000000ffb00000,0x00000000ffffcfd0,0x0000000100000000)
  to   space 10752K, 0% used [0x00000000feb00000,0x00000000feb00000,0x00000000ff580000)
 ParOldGen       total 175104K, used 70762K [0x00000000f0000000, 0x00000000fab00000, 0x00000000fab00000)
  object space 175104K, 40% used [0x00000000f0000000,0x00000000f451aa50,0x00000000fab00000)
 Metaspace       used 78930K, capacity 79346K, committed 80000K, reserved 1120256K
  class space    used 8345K, capacity 8481K, committed 8576K, reserved 1048576K
}
Event: 34.166 GC heap before
{Heap before GC invocations=74 (full 3):
 PSYoungGen      total 70656K, used 70643K [0x00000000fab00000, 0x0000000100000000, 0x0000000100000000)
  eden space 65536K, 100% used [0x00000000fab00000,0x00000000feb00000,0x00000000feb00000)
  from space 5120K, 99% used [0x00000000ffb00000,0x00000000ffffcfd0,0x0000000100000000)
  to   space 10752K, 0% used [0x00000000feb00000,0x00000000feb00000,0x00000000ff580000)
 ParOldGen       total 175104K, used 70762K [0x00000000f0000000, 0x00000000fab00000, 0x00000000fab00000)
  object space 175104K, 40% used [0x00000000f0000000,0x00000000f451aa50,0x00000000fab00000)
 Metaspace       used 83153K, capacity 83658K, committed 84352K, reserved 1124352K
  class space    used 8843K, capacity 9010K, committed 9088K, reserved 1048576K
Event: 34.173 GC heap after
Heap after GC invocations=74 (full 3):
 PSYoungGen      total 76288K, used 5848K [0x00000000fab00000, 0x0000000100000000, 0x0000000100000000)
  eden space 65536K, 0% used [0x00000000fab00000,0x00000000fab00000,0x00000000feb00000)
  from space 10752K, 54% used [0x00000000feb00000,0x00000000ff0b63a0,0x00000000ff580000)
  to   space 10752K, 0% used [0x00000000ff580000,0x00000000ff580000,0x0000000100000000)
 ParOldGen       total 175104K, used 73091K [0x00000000f0000000, 0x00000000fab00000, 0x00000000fab00000)
  object space 175104K, 41% used [0x00000000f0000000,0x00000000f4760d58,0x00000000fab00000)
 Metaspace       used 83153K, capacity 83658K, committed 84352K, reserved 1124352K
  class space    used 8843K, capacity 9010K, committed 9088K, reserved 1048576K
}
Event: 67.126 GC heap before
{Heap before GC invocations=75 (full 3):
 PSYoungGen      total 76288K, used 71384K [0x00000000fab00000, 0x0000000100000000, 0x0000000100000000)
  eden space 65536K, 100% used [0x00000000fab00000,0x00000000feb00000,0x00000000feb00000)
  from space 10752K, 54% used [0x00000000feb00000,0x00000000ff0b63a0,0x00000000ff580000)
  to   space 10752K, 0% used [0x00000000ff580000,0x00000000ff580000,0x0000000100000000)
 ParOldGen       total 175104K, used 73091K [0x00000000f0000000, 0x00000000fab00000, 0x00000000fab00000)
  object space 175104K, 41% used [0x00000000f0000000,0x00000000f4760d58,0x00000000fab00000)
 Metaspace       used 86447K, capacity 86922K, committed 87552K, reserved 1128448K
  class space    used 9224K, capacity 9382K, committed 9472K, reserved 1048576K
Event: 67.142 GC heap after
Heap after GC invocations=75 (full 3):
 PSYoungGen      total 76288K, used 5419K [0x00000000fab00000, 0x0000000100000000, 0x0000000100000000)
  eden space 65536K, 0% used [0x00000000fab00000,0x00000000fab00000,0x00000000feb00000)
  from space 10752K, 50% used [0x00000000ff580000,0x00000000ffacacc8,0x0000000100000000)
  to   space 10752K, 0% used [0x00000000feb00000,0x00000000feb00000,0x00000000ff580000)
 ParOldGen       total 175104K, used 73099K [0x00000000f0000000, 0x00000000fab00000, 0x00000000fab00000)
  object space 175104K, 41% used [0x00000000f0000000,0x00000000f4762d58,0x00000000fab00000)
 Metaspace       used 86447K, capacity 86922K, committed 87552K, reserved 1128448K
  class space    used 9224K, capacity 9382K, committed 9472K, reserved 1048576K
}

