# JRE version: Java(TM) SE Runtime Environment (8.0_131-b11) (build 1.8.0_131-b11)
# Java VM: Java HotSpot(TM) 64-Bit Server VM (25.131-b11 mixed mode linux-amd64 compressed oops)
Heap:
 PSYoungGen      total 70656K, used 29047K [0x00000000fab00000, 0x0000000100000000, 0x0000000100000000)
  eden space 58368K, 49% used [0x00000000fab00000,0x00000000fc75dd18,0x00000000fe400000)
  from space 12288K, 0% used [0x00000000ff400000,0x00000000ff400000,0x0000000100000000)
  to   space 14336K, 0% used [0x00000000fe400000,0x00000000fe400000,0x00000000ff200000)
 ParOldGen       total 175104K, used 73423K [0x00000000f0000000, 0x00000000fab00000, 0x00000000fab00000)
  object space 175104K, 41% used [0x00000000f0000000,0x00000000f47b3c08,0x00000000fab00000)
 Metaspace       used 98099K, capacity 98698K, committed 99456K, reserved 1138688K
  class space    used 10617K, capacity 10811K, committed 10880K, reserved 1048576K
GC Heap History (10 events):
Event: 14.808 GC heap before
{Heap before GC invocations=76 (full 3):
 PSYoungGen      total 74752K, used 68114K [0x00000000fab00000, 0x00000000fff00000, 0x0000000100000000)
  eden space 64512K, 100% used [0x00000000fab00000,0x00000000fea00000,0x00000000fea00000)
  from space 10240K, 35% used [0x00000000ff500000,0x00000000ff884be8,0x00000000fff00000)
  to   space 10752K, 0% used [0x00000000fea00000,0x00000000fea00000,0x00000000ff480000)
 ParOldGen       total 175104K, used 71781K [0x00000000f0000000, 0x00000000fab00000, 0x00000000fab00000)
  object space 175104K, 40% used [0x00000000f0000000,0x00000000f4619790,0x00000000fab00000)
 Metaspace       used 92323K, capacity 92846K, committed 93696K, reserved 1132544K
  class space    used 9996K, capacity 10172K, committed 10240K, reserved 1048576K
Event: 14.813 GC heap after
Heap after GC invocations=76 (full 3):
 PSYoungGen      total 75264K, used 6151K [0x00000000fab00000, 0x0000000100000000, 0x0000000100000000)
  eden space 64512K, 0% used [0x00000000fab00000,0x00000000fab00000,0x00000000fea00000)
  from space 10752K, 57% used [0x00000000fea00000,0x00000000ff001e90,0x00000000ff480000)
  to   space 10752K, 0% used [0x00000000ff580000,0x00000000ff580000,0x0000000100000000)
 ParOldGen       total 175104K, used 71789K [0x00000000f0000000, 0x00000000fab00000, 0x00000000fab00000)
  object space 175104K, 40% used [0x00000000f0000000,0x00000000f461b790,0x00000000fab00000)
 Metaspace       used 92323K, capacity 92846K, committed 93696K, reserved 1132544K
  class space    used 9996K, capacity 10172K, committed 10240K, reserved 1048576K
}
Event: 15.766 GC heap before
{Heap before GC invocations=77 (full 3):
 PSYoungGen      total 75264K, used 70663K [0x00000000fab00000, 0x0000000100000000, 0x0000000100000000)
  eden space 64512K, 100% used [0x00000000fab00000,0x00000000fea00000,0x00000000fea00000)
  from space 10752K, 57% used [0x00000000fea00000,0x00000000ff001e90,0x00000000ff480000)
  to   space 10752K, 0% used [0x00000000ff580000,0x00000000ff580000,0x0000000100000000)
 ParOldGen       total 175104K, used 71789K [0x00000000f0000000, 0x00000000fab00000, 0x00000000fab00000)
  object space 175104K, 40% used [0x00000000f0000000,0x00000000f461b790,0x00000000fab00000)
 Metaspace       used 94169K, capacity 94712K, committed 95488K, reserved 1134592K
  class space    used 10209K, capacity 10391K, committed 10496K, reserved 1048576K
Event: 15.780 GC heap after
Heap after GC invocations=77 (full 3):
 PSYoungGen      total 74240K, used 8424K [0x00000000fab00000, 0x0000000100000000, 0x0000000100000000)
  eden space 63488K, 0% used [0x00000000fab00000,0x00000000fab00000,0x00000000fe900000)
  from space 10752K, 78% used [0x00000000ff580000,0x00000000ffdba240,0x0000000100000000)
  to   space 11776K, 0% used [0x00000000fe900000,0x00000000fe900000,0x00000000ff480000)
 ParOldGen       total 175104K, used 71797K [0x00000000f0000000, 0x00000000fab00000, 0x00000000fab00000)
  object space 175104K, 41% used [0x00000000f0000000,0x00000000f461d790,0x00000000fab00000)
 Metaspace       used 94169K, capacity 94712K, committed 95488K, reserved 1134592K
  class space    used 10209K, capacity 10391K, committed 10496K, reserved 1048576K
}
Event: 53.772 GC heap before
{Heap before GC invocations=78 (full 3):
 PSYoungGen      total 74240K, used 71912K [0x00000000fab00000, 0x0000000100000000, 0x0000000100000000)
  eden space 63488K, 100% used [0x00000000fab00000,0x00000000fe900000,0x00000000fe900000)
  from space 10752K, 78% used [0x00000000ff580000,0x00000000ffdba240,0x0000000100000000)
  to   space 11776K, 0% used [0x00000000fe900000,0x00000000fe900000,0x00000000ff480000)
 ParOldGen       total 175104K, used 71797K [0x00000000f0000000, 0x00000000fab00000, 0x00000000fab00000)
  object space 175104K, 41% used [0x00000000f0000000,0x00000000f461d790,0x00000000fab00000)
 Metaspace       used 95478K, capacity 96116K, committed 96896K, reserved 1136640K
  class space    used 10337K, capacity 10529K, committed 10624K, reserved 1048576K
Event: 53.780 GC heap after
Heap after GC invocations=78 (full 3):
 PSYoungGen      total 71680K, used 7818K [0x00000000fab00000, 0x0000000100000000, 0x0000000100000000)
  eden space 63488K, 0% used [0x00000000fab00000,0x00000000fab00000,0x00000000fe900000)
  from space 8192K, 95% used [0x00000000fe900000,0x00000000ff0a2be0,0x00000000ff100000)
  to   space 12288K, 0% used [0x00000000ff400000,0x00000000ff400000,0x0000000100000000)
 ParOldGen       total 175104K, used 71805K [0x00000000f0000000, 0x00000000fab00000, 0x00000000fab00000)
  object space 175104K, 41% used [0x00000000f0000000,0x00000000f461f790,0x00000000fab00000)
 Metaspace       used 95478K, capacity 96116K, committed 96896K, reserved 1136640K
  class space    used 10337K, capacity 10529K, committed 10624K, reserved 1048576K
}
Event: 54.095 GC heap before
{Heap before GC invocations=79 (full 3):
 PSYoungGen      total 71680K, used 65613K [0x00000000fab00000, 0x0000000100000000, 0x0000000100000000)
  eden space 63488K, 91% used [0x00000000fab00000,0x00000000fe370a78,0x00000000fe900000)
  from space 8192K, 95% used [0x00000000fe900000,0x00000000ff0a2be0,0x00000000ff100000)
  to   space 12288K, 0% used [0x00000000ff400000,0x00000000ff400000,0x0000000100000000)
 ParOldGen       total 175104K, used 71805K [0x00000000f0000000, 0x00000000fab00000, 0x00000000fab00000)
  object space 175104K, 41% used [0x00000000f0000000,0x00000000f461f790,0x00000000fab00000)
 Metaspace       used 97158K, capacity 97702K, committed 98380K, reserved 1136640K
  class space    used 10514K, capacity 10692K, committed 10752K, reserved 1048576K
Event: 54.104 GC heap after
Heap after GC invocations=79 (full 3):
 PSYoungGen      total 70656K, used 12060K [0x00000000fab00000, 0x0000000100000000, 0x0000000100000000)
  eden space 58368K, 0% used [0x00000000fab00000,0x00000000fab00000,0x00000000fe400000)
  from space 12288K, 98% used [0x00000000ff400000,0x00000000fffc7388,0x0000000100000000)
  to   space 14336K, 0% used [0x00000000fe400000,0x00000000fe400000,0x00000000ff200000)
 ParOldGen       total 175104K, used 71813K [0x00000000f0000000, 0x00000000fab00000, 0x00000000fab00000)
  object space 175104K, 41% used [0x00000000f0000000,0x00000000f4621790,0x00000000fab00000)
 Metaspace       used 97158K, capacity 97702K, committed 98380K, reserved 1136640K
  class space    used 10514K, capacity 10692K, committed 10752K, reserved 1048576K
}
Event: 54.104 GC heap before
{Heap before GC invocations=80 (full 4):
 PSYoungGen      total 70656K, used 12060K [0x00000000fab00000, 0x0000000100000000, 0x0000000100000000)
  eden space 58368K, 0% used [0x00000000fab00000,0x00000000fab00000,0x00000000fe400000)
  from space 12288K, 98% used [0x00000000ff400000,0x00000000fffc7388,0x0000000100000000)
  to   space 14336K, 0% used [0x00000000fe400000,0x00000000fe400000,0x00000000ff200000)
 ParOldGen       total 175104K, used 71813K [0x00000000f0000000, 0x00000000fab00000, 0x00000000fab00000)
  object space 175104K, 41% used [0x00000000f0000000,0x00000000f4621790,0x00000000fab00000)
 Metaspace       used 97158K, capacity 97702K, committed 98380K, reserved 1136640K
  class space    used 10514K, capacity 10692K, committed 10752K, reserved 1048576K
Event: 54.258 GC heap after
Heap after GC invocations=80 (full 4):
 PSYoungGen      total 70656K, used 0K [0x00000000fab00000, 0x0000000100000000, 0x0000000100000000)
  eden space 58368K, 0% used [0x00000000fab00000,0x00000000fab00000,0x00000000fe400000)
  from space 12288K, 0% used [0x00000000ff400000,0x00000000ff400000,0x0000000100000000)
  to   space 14336K, 0% used [0x00000000fe400000,0x00000000fe400000,0x00000000ff200000)
 ParOldGen       total 175104K, used 73423K [0x00000000f0000000, 0x00000000fab00000, 0x00000000fab00000)
  object space 175104K, 41% used [0x00000000f0000000,0x00000000f47b3c08,0x00000000fab00000)
 Metaspace       used 97142K, capacity 97672K, committed 98380K, reserved 1136640K
  class space    used 10511K, capacity 10682K, committed 10752K, reserved 1048576K
}

